<?xml version="1.0" encoding="UTF-8"?>
<testsuite name="com.insight.service.PipelineServiceTest" tests="9" skipped="0" failures="0" errors="0" timestamp="2026-03-18T08:44:47" hostname="LAPTOP-78LVMDCQ" time="0.237">
  <properties/>
  <testcase name="fullPipelineReturnsCorrectResult()" classname="com.insight.service.PipelineServiceTest" time="0.16"/>
  <testcase name="pipelineGracefullyHandlesRagFailure()" classname="com.insight.service.PipelineServiceTest" time="0.018"/>
  <testcase name="pipelineTimeMsIsTracked()" classname="com.insight.service.PipelineServiceTest" time="0.009"/>
  <testcase name="glLevelMedium()" classname="com.insight.service.PipelineServiceTest" time="0.005"/>
  <testcase name="emergencyAlertAddedToWarnings()" classname="com.insight.service.PipelineServiceTest" time="0.009"/>
  <testcase name="glLevelHigh()" classname="com.insight.service.PipelineServiceTest" time="0.003"/>
  <testcase name="glLevelLow()" classname="com.insight.service.PipelineServiceTest" time="0.012"/>
  <testcase name="lowQualityEstimationAddsWarning()" classname="com.insight.service.PipelineServiceTest" time="0.007"/>
  <testcase name="responseAlwaysHasDisclaimer()" classname="com.insight.service.PipelineServiceTest" time="0.004"/>
  <system-out><![CDATA[15:44:47.254 [Test worker] INFO com.insight.service.PipelineService -- Step 1/2: Calling Vision service...
15:44:47.254 [Test worker] INFO com.insight.service.PipelineService -- Step 2/2: Calling RAG service...
15:44:47.258 [Test worker] INFO com.insight.service.PipelineService -- Pipeline complete: Cơm tr?ng ? GL=13.7 (medium) in 4ms
15:44:47.343 [Test worker] INFO com.insight.service.PipelineService -- Step 1/2: Calling Vision service...
15:44:47.343 [Test worker] INFO com.insight.service.PipelineService -- Step 2/2: Calling RAG service...
15:44:47.344 [Test worker] WARN com.insight.service.PipelineService -- RAG service unavailable, returning Vision-only results: RAG service unavailable
15:44:47.344 [Test worker] INFO com.insight.service.PipelineService -- Pipeline complete: Ph? b? ? GL=25.0 (high) in 1ms
15:44:47.359 [Test worker] INFO com.insight.service.PipelineService -- Step 1/2: Calling Vision service...
15:44:47.359 [Test worker] INFO com.insight.service.PipelineService -- Step 2/2: Calling RAG service...
15:44:47.359 [Test worker] INFO com.insight.service.PipelineService -- Pipeline complete: Bún ? GL=20.0 (medium) in 0ms
15:44:47.370 [Test worker] INFO com.insight.service.PipelineService -- Step 1/2: Calling Vision service...
15:44:47.370 [Test worker] INFO com.insight.service.PipelineService -- Step 2/2: Calling RAG service...
15:44:47.370 [Test worker] INFO com.insight.service.PipelineService -- Pipeline complete: Cháo ? GL=15.0 (medium) in 0ms
15:44:47.377 [Test worker] INFO com.insight.service.PipelineService -- Step 1/2: Calling Vision service...
15:44:47.378 [Test worker] INFO com.insight.service.PipelineService -- Step 2/2: Calling RAG service...
15:44:47.380 [Test worker] INFO com.insight.service.PipelineService -- Pipeline complete: Cơm ? GL=33.0 (high) in 3ms
15:44:47.385 [Test worker] INFO com.insight.service.PipelineService -- Step 1/2: Calling Vision service...
15:44:47.385 [Test worker] INFO com.insight.service.PipelineService -- Step 2/2: Calling RAG service...
15:44:47.386 [Test worker] INFO com.insight.service.PipelineService -- Pipeline complete: Cơm t?m ? GL=35.0 (high) in 0ms
15:44:47.390 [Test worker] INFO com.insight.service.PipelineService -- Step 1/2: Calling Vision service...
15:44:47.391 [Test worker] INFO com.insight.service.PipelineService -- Step 2/2: Calling RAG service...
15:44:47.397 [Test worker] INFO com.insight.service.PipelineService -- Pipeline complete: Rau xào ? GL=3.0 (low) in 7ms
15:44:47.404 [Test worker] INFO com.insight.service.PipelineService -- Step 1/2: Calling Vision service...
15:44:47.405 [Test worker] INFO com.insight.service.PipelineService -- Step 2/2: Calling RAG service...
15:44:47.406 [Test worker] INFO com.insight.service.PipelineService -- Pipeline complete: Unknown ? GL=5.0 (low) in 2ms
15:44:47.412 [Test worker] INFO com.insight.service.PipelineService -- Step 1/2: Calling Vision service...
15:44:47.412 [Test worker] INFO com.insight.service.PipelineService -- Step 2/2: Calling RAG service...
15:44:47.412 [Test worker] INFO com.insight.service.PipelineService -- Pipeline complete: Ph? ? GL=30.0 (high) in 0ms
]]></system-out>
  <system-err><![CDATA[]]></system-err>
</testsuite>
